生成启动时间为 2013/7/17 8:08:44。
     1>项目“D:\Fantasyland\AC\vs2012projects\GAME_LEARNING\GAME_LEARNING\GAME_LEARNING.vcxproj”在节点 2 上(Build 个目标)。
     1>ClCompile:
         C:\Program Files (x86)\Microsoft Visual Studio 11.0\VC\bin\CL.exe /c /ZI /nologo /W3 /WX- /sdl /Od /Oy- /D WIN32 /D _DEBUG /D _WINDOWS /D _UNICODE /D UNICODE /Gm /EHsc /RTC1 /MDd /GS /fp:precise /Zc:wchar_t /Zc:forScope /Fo"Debug\\" /Fd"Debug\vc110.pdb" /Gd /TP /analyze- /errorReport:prompt Game.cpp GameEngine.cpp PersonSprite.cpp Sprite.cpp
         Game.cpp
         正在生成代码...
         正在编译...
         Sprite.cpp
         PersonSprite.cpp
         GameEngine.cpp
         正在生成代码...
       Link:
         C:\Program Files (x86)\Microsoft Visual Studio 11.0\VC\bin\link.exe /ERRORREPORT:PROMPT /OUT:"D:\Fantasyland\AC\vs2012projects\GAME_LEARNING\Debug\GAME_LEARNING.exe" /INCREMENTAL /NOLOGO winmm.lib msimg32.lib kernel32.lib user32.lib gdi32.lib winspool.lib comdlg32.lib advapi32.lib shell32.lib ole32.lib oleaut32.lib uuid.lib odbc32.lib odbccp32.lib /MANIFEST /MANIFESTUAC:"level='asInvoker' uiAccess='false'" /manifest:embed /DEBUG /PDB:"D:\Fantasyland\AC\vs2012projects\GAME_LEARNING\Debug\GAME_LEARNING.pdb" /SUBSYSTEM:WINDOWS /TLBID:1 /DYNAMICBASE /NXCOMPAT /IMPLIB:"D:\Fantasyland\AC\vs2012projects\GAME_LEARNING\Debug\GAME_LEARNING.lib" /MACHINE:X86 Debug\GAME_LEARNING1.res
         Debug\Background.obj
         Debug\PersonSprite.obj
         Debug\ScrollingBackground.obj
         Debug\Bitmap.obj
         Debug\Game.obj
         Debug\GameEngine.obj
         Debug\Sprite.obj
         GAME_LEARNING.vcxproj -> D:\Fantasyland\AC\vs2012projects\GAME_LEARNING\Debug\GAME_LEARNING.exe
     1>已完成生成项目“D:\Fantasyland\AC\vs2012projects\GAME_LEARNING\GAME_LEARNING\GAME_LEARNING.vcxproj”(Build 个目标)的操作。

生成成功。

已用时间 00:00:18.15
