D:\FANTASYLAND\AC\VS2012PROJECTS\GAME_LEARNING\GAME_LEARNING\DEBUG\GAMEENGINE.OBJ
D:\FANTASYLAND\AC\VS2012PROJECTS\GAME_LEARNING\GAME_LEARNING\DEBUG\VC110.PDB
D:\FANTASYLAND\AC\VS2012PROJECTS\GAME_LEARNING\GAME_LEARNING\DEBUG\BLIZZARD.OBJ
D:\FANTASYLAND\AC\VS2012PROJECTS\GAME_LEARNING\GAME_LEARNING\DEBUG\GAME_LEARNING1.RES
D:\Fantasyland\AC\vs2012projects\GAME_LEARNING\GAME_LEARNING\Debug\Blizzard.obj
D:\Fantasyland\AC\vs2012projects\GAME_LEARNING\GAME_LEARNING\Debug\GameEngine.obj
D:\Fantasyland\AC\vs2012projects\GAME_LEARNING\GAME_LEARNING\Debug\cl.command.1.tlog
D:\Fantasyland\AC\vs2012projects\GAME_LEARNING\GAME_LEARNING\Debug\CL.read.1.tlog
D:\Fantasyland\AC\vs2012projects\GAME_LEARNING\GAME_LEARNING\Debug\CL.write.1.tlog
D:\Fantasyland\AC\vs2012projects\GAME_LEARNING\GAME_LEARNING\Debug\link-cvtres.read.1.tlog
D:\Fantasyland\AC\vs2012projects\GAME_LEARNING\GAME_LEARNING\Debug\link-cvtres.write.1.tlog
D:\Fantasyland\AC\vs2012projects\GAME_LEARNING\GAME_LEARNING\Debug\link-rc.read.1.tlog
D:\Fantasyland\AC\vs2012projects\GAME_LEARNING\GAME_LEARNING\Debug\link-rc.write.1.tlog
D:\Fantasyland\AC\vs2012projects\GAME_LEARNING\GAME_LEARNING\Debug\link.command.1.tlog
D:\Fantasyland\AC\vs2012projects\GAME_LEARNING\GAME_LEARNING\Debug\link.read.1.tlog
D:\Fantasyland\AC\vs2012projects\GAME_LEARNING\GAME_LEARNING\Debug\link.write.1.tlog
D:\Fantasyland\AC\vs2012projects\GAME_LEARNING\GAME_LEARNING\Debug\rc.command.1.tlog
D:\Fantasyland\AC\vs2012projects\GAME_LEARNING\GAME_LEARNING\Debug\rc.read.1.tlog
D:\Fantasyland\AC\vs2012projects\GAME_LEARNING\GAME_LEARNING\Debug\rc.write.1.tlog
D:\Fantasyland\AC\vs2012projects\GAME_LEARNING\GAME_LEARNING\Debug\GAME_LEARNING1.res
D:\Fantasyland\AC\vs2012projects\GAME_LEARNING\GAME_LEARNING\Debug\vc110.idb
D:\Fantasyland\AC\vs2012projects\GAME_LEARNING\GAME_LEARNING\Debug\vc110.pdb
D:\Fantasyland\AC\vs2012projects\GAME_LEARNING\Debug\GAME_LEARNING.pdb
